Base path: C:/Program Files (x86)/Unity/Editor/Data
Pipe name: \\.\pipe\UnityShaderCompiler-1-5128
Cmd: getPlatforms
Cmd: preprocess
  insize=1671 outsize=948 ok=1
Cmd: preprocess
  insize=1907 outsize=961 ok=1
Cmd: preprocess
  insize=238 outsize=238 ok=1
Cmd: preprocess
  insize=1602 outsize=535 ok=1
Cmd: preprocess
  insize=1940 outsize=918 ok=1
Cmd: preprocess
  insize=514 outsize=514 ok=1
Cmd: preprocess
  insize=1943 outsize=936 ok=1
Cmd: preprocess
  insize=1541 outsize=535 ok=1
Cmd: preprocess
  insize=1984 outsize=958 ok=1
Cmd: preprocess
  insize=1914 outsize=947 ok=1
Cmd: preprocess
  insize=1907 outsize=944 ok=1
Cmd: preprocess
  insize=3042 outsize=1804 ok=1
Cmd: preprocess
  insize=1982 outsize=959 ok=1
Cmd: preprocess
  insize=2003 outsize=921 ok=1
Cmd: preprocess
  insize=469 outsize=469 ok=1
Cmd: preprocess
  insize=1170 outsize=479 ok=1
Cmd: preprocess
  insize=6178 outsize=3522 ok=1
Cmd: compileSnippet
  error: 2 plat 4 at (64): 'vert': output parameter 'o' not completely initialized
  error: 1 plat 4 at (81): implicit truncation of vector type
  api=4 type=0 insize=7048 outsize=0 kw=DIRECTIONAL LIGHTMAP_OFF DIRLIGHTMAP_OFF ok=0
Cmd: preprocess
  insize=1624 outsize=947 ok=1
Cmd: preprocess
  insize=2361 outsize=2258 ok=1
Cmd: preprocess
  insize=1315 outsize=524 ok=1
Cmd: preprocess
  insize=1772 outsize=993 ok=1
