Base path: C:/Program Files/Unity/Editor/Data
Pipe name: \\.\pipe\UnityShaderCompiler-2-4696
Cmd: getPlatforms
Cmd: compileSnippet
  api=1 type=0 insize=942 outsize=158 kw= ok=1
Cmd: compileSnippet
  api=1 type=1 insize=942 outsize=81 kw= ok=1
Cmd: compileSnippet
  api=1 type=0 insize=986 outsize=171 kw= ok=1
Cmd: compileSnippet
  api=1 type=0 insize=1203 outsize=186 kw= ok=1
Cmd: compileSnippet
  api=1 type=1 insize=1203 outsize=217 kw= ok=1
Cmd: compileSnippet
  api=1 type=0 insize=1322 outsize=186 kw= ok=1
Cmd: compileSnippet
  api=8 type=1 insize=1322 outsize=2600 kw= ok=1
Cmd: compileSnippet
  api=8 type=0 insize=1274 outsize=1950 kw= ok=1
Cmd: compileSnippet
  api=8 type=1 insize=1274 outsize=1633 kw= ok=1
Cmd: compileSnippet
  api=8 type=0 insize=1260 outsize=1950 kw= ok=1
Cmd: compileSnippet
  api=8 type=1 insize=1260 outsize=1609 kw= ok=1
Cmd: compileSnippet
  api=8 type=0 insize=1260 outsize=1950 kw= ok=1
Cmd: compileSnippet
  api=8 type=1 insize=1260 outsize=2535 kw= ok=1
Cmd: compileSnippet
  api=8 type=0 insize=1282 outsize=1950 kw= ok=1
Cmd: compileSnippet
  api=1 type=1 insize=1282 outsize=215 kw= ok=1
Cmd: compileSnippet
  api=8 type=0 insize=1222 outsize=1950 kw= ok=1
Cmd: compileSnippet
  api=8 type=1 insize=1222 outsize=1715 kw= ok=1
Cmd: compileSnippet
  api=8 type=0 insize=1218 outsize=1950 kw= ok=1
Cmd: compileSnippet
  api=1 type=1 insize=1218 outsize=246 kw= ok=1
Cmd: compileSnippet
  api=8 type=1 insize=1277 outsize=1593 kw= ok=1
Cmd: compileSnippet
  api=8 type=0 insize=1333 outsize=1950 kw= ok=1
Cmd: compileSnippet
  api=1 type=0 insize=956 outsize=171 kw= ok=1
Cmd: compileSnippet
  api=8 type=1 insize=956 outsize=1048 kw= ok=1
Cmd: compileSnippet
  api=8 type=0 insize=1051 outsize=1690 kw= ok=1
Cmd: compileSnippet
  api=8 type=1 insize=1051 outsize=2015 kw= ok=1
Cmd: compileSnippet
  api=8 type=0 insize=1041 outsize=1812 kw= ok=1
Cmd: compileSnippet
  api=8 type=1 insize=1041 outsize=1390 kw= ok=1
